<?xml version="1.0" encoding="UTF-8"?>
<!-- Generated by org.testng.reporters.JUnitXMLReporter -->
<testsuite ignored="0" hostname="DESKTOP-K19HE86" failures="0" tests="3" name="HomePageTest" time="10.459" errors="0" timestamp="2024-07-20T14:57:26 IST">
  <testcase classname="com.CRM.TestCase.HomePageTestCase" name="verifyUrl" time="1.581"/>
  <testcase classname="com.CRM.TestCase.HomePageTestCase" name="verifyTitle" time="0.138"/>
  <testcase classname="com.CRM.TestCase.HomePageTestCase" name="validateSignInLink" time="1.468"/>
</testsuite> <!-- HomePageTest -->
