<?xml version="1.0" encoding="UTF-8"?>
<testng-results ignored="0" total="4" passed="4" failed="0" skipped="0">
  <reporter-output>
  </reporter-output>
  <suite started-at="2024-07-16T13:32:21 IST" name="Suite" finished-at="2024-07-16T13:32:43 IST" duration-ms="21714">
    <groups>
    </groups>
    <test started-at="2024-07-16T13:32:21 IST" name="HomePageTest" finished-at="2024-07-16T13:32:32 IST" duration-ms="10380">
      <class name="com.CRM.TestCase.HomePageTestCase">
        <test-method is-config="true" signature="setup()[pri:0, instance:com.CRM.TestCase.HomePageTestCase@52bf72b5]" started-at="2024-07-16T13:32:21 IST" name="setup" finished-at="2024-07-16T13:32:30 IST" duration-ms="9255" status="PASS">
          <reporter-output>
          </reporter-output>
        </test-method> <!-- setup -->
        <test-method signature="verifyUrl()[pri:1, instance:com.CRM.TestCase.HomePageTestCase@52bf72b5]" started-at="2024-07-16T13:32:30 IST" name="verifyUrl" finished-at="2024-07-16T13:32:31 IST" duration-ms="26" status="PASS">
          <reporter-output>
          </reporter-output>
        </test-method> <!-- verifyUrl -->
        <test-method signature="verifyTitle()[pri:2, instance:com.CRM.TestCase.HomePageTestCase@52bf72b5]" started-at="2024-07-16T13:32:31 IST" name="verifyTitle" finished-at="2024-07-16T13:32:31 IST" duration-ms="22" status="PASS">
          <reporter-output>
          </reporter-output>
        </test-method> <!-- verifyTitle -->
        <test-method signature="validateSignInLink()[pri:3, instance:com.CRM.TestCase.HomePageTestCase@52bf72b5]" started-at="2024-07-16T13:32:31 IST" name="validateSignInLink" finished-at="2024-07-16T13:32:32 IST" duration-ms="989" status="PASS">
          <reporter-output>
          </reporter-output>
        </test-method> <!-- validateSignInLink -->
      </class> <!-- com.CRM.TestCase.HomePageTestCase -->
    </test> <!-- HomePageTest -->
    <test started-at="2024-07-16T13:32:32 IST" name="LoginPageTest" finished-at="2024-07-16T13:32:43 IST" duration-ms="11256">
      <class name="com.CRM.TestCase.LoginPageTestCase">
        <test-method is-config="true" signature="setup()[pri:0, instance:com.CRM.TestCase.LoginPageTestCase@145f66e3]" started-at="2024-07-16T13:32:32 IST" name="setup" finished-at="2024-07-16T13:32:35 IST" duration-ms="3663" status="PASS">
          <reporter-output>
          </reporter-output>
        </test-method> <!-- setup -->
        <test-method is-config="true" signature="pageSetup()[pri:0, instance:com.CRM.TestCase.LoginPageTestCase@145f66e3]" started-at="2024-07-16T13:32:35 IST" name="pageSetup" finished-at="2024-07-16T13:32:38 IST" duration-ms="3175" status="PASS">
          <reporter-output>
          </reporter-output>
        </test-method> <!-- pageSetup -->
        <test-method signature="validateLogin()[pri:0, instance:com.CRM.TestCase.LoginPageTestCase@145f66e3]" started-at="2024-07-16T13:32:38 IST" name="validateLogin" finished-at="2024-07-16T13:32:43 IST" duration-ms="4411" status="PASS">
          <reporter-output>
          </reporter-output>
        </test-method> <!-- validateLogin -->
      </class> <!-- com.CRM.TestCase.LoginPageTestCase -->
    </test> <!-- LoginPageTest -->
  </suite> <!-- Suite -->
</testng-results>
