<?xml version="1.0" encoding="UTF-8"?>
<testng-results ignored="0" total="4" passed="4" failed="0" skipped="0">
  <reporter-output>
  </reporter-output>
  <suite started-at="2024-07-20T14:57:15 IST" name="Suite" finished-at="2024-07-20T14:57:48 IST" duration-ms="32490">
    <groups>
    </groups>
    <test started-at="2024-07-20T14:57:15 IST" name="HomePageTest" finished-at="2024-07-20T14:57:26 IST" duration-ms="10459">
      <class name="com.CRM.TestCase.HomePageTestCase">
        <test-method is-config="true" signature="setup()[pri:0, instance:com.CRM.TestCase.HomePageTestCase@7161d8d1]" started-at="2024-07-20T14:57:15 IST" name="setup" finished-at="2024-07-20T14:57:22 IST" duration-ms="7118" status="PASS">
          <reporter-output>
          </reporter-output>
        </test-method> <!-- setup -->
        <test-method signature="verifyUrl()[pri:1, instance:com.CRM.TestCase.HomePageTestCase@7161d8d1]" started-at="2024-07-20T14:57:22 IST" name="verifyUrl" finished-at="2024-07-20T14:57:24 IST" duration-ms="1581" status="PASS">
          <reporter-output>
          </reporter-output>
        </test-method> <!-- verifyUrl -->
        <test-method signature="verifyTitle()[pri:2, instance:com.CRM.TestCase.HomePageTestCase@7161d8d1]" started-at="2024-07-20T14:57:24 IST" name="verifyTitle" finished-at="2024-07-20T14:57:24 IST" duration-ms="138" status="PASS">
          <reporter-output>
          </reporter-output>
        </test-method> <!-- verifyTitle -->
        <test-method signature="validateSignInLink()[pri:3, instance:com.CRM.TestCase.HomePageTestCase@7161d8d1]" started-at="2024-07-20T14:57:24 IST" name="validateSignInLink" finished-at="2024-07-20T14:57:26 IST" duration-ms="1468" status="PASS">
          <reporter-output>
          </reporter-output>
        </test-method> <!-- validateSignInLink -->
      </class> <!-- com.CRM.TestCase.HomePageTestCase -->
    </test> <!-- HomePageTest -->
    <test started-at="2024-07-20T14:57:26 IST" name="LoginPageTest" finished-at="2024-07-20T14:57:48 IST" duration-ms="21755">
      <class name="com.CRM.TestCase.LoginPageTestCase">
        <test-method is-config="true" signature="setup()[pri:0, instance:com.CRM.TestCase.LoginPageTestCase@6be968ce]" started-at="2024-07-20T14:57:26 IST" name="setup" finished-at="2024-07-20T14:57:34 IST" duration-ms="7695" status="PASS">
          <reporter-output>
          </reporter-output>
        </test-method> <!-- setup -->
        <test-method is-config="true" signature="pageSetup()[pri:0, instance:com.CRM.TestCase.LoginPageTestCase@6be968ce]" started-at="2024-07-20T14:57:34 IST" name="pageSetup" finished-at="2024-07-20T14:57:36 IST" duration-ms="2132" status="PASS">
          <reporter-output>
          </reporter-output>
        </test-method> <!-- pageSetup -->
        <test-method signature="validateLogin()[pri:0, instance:com.CRM.TestCase.LoginPageTestCase@6be968ce]" started-at="2024-07-20T14:57:36 IST" name="validateLogin" finished-at="2024-07-20T14:57:48 IST" duration-ms="11916" status="PASS">
          <reporter-output>
          </reporter-output>
        </test-method> <!-- validateLogin -->
      </class> <!-- com.CRM.TestCase.LoginPageTestCase -->
    </test> <!-- LoginPageTest -->
  </suite> <!-- Suite -->
</testng-results>
