<?xml version="1.0" encoding="UTF-8"?>
<testng-results ignored="0" total="4" passed="4" failed="0" skipped="0">
  <reporter-output>
  </reporter-output>
  <suite started-at="2024-07-16T09:27:08 IST" name="Suite" finished-at="2024-07-16T09:27:21 IST" duration-ms="13356">
    <groups>
    </groups>
    <test started-at="2024-07-16T09:27:08 IST" name="HomePageTest" finished-at="2024-07-16T09:27:16 IST" duration-ms="8268">
      <class name="com.CRM.TestCase.HomePageTestCase">
        <test-method is-config="true" signature="setup()[pri:0, instance:com.CRM.TestCase.HomePageTestCase@7161d8d1]" started-at="2024-07-16T09:27:08 IST" name="setup" finished-at="2024-07-16T09:27:15 IST" duration-ms="6810" status="PASS">
          <reporter-output>
          </reporter-output>
        </test-method> <!-- setup -->
        <test-method signature="verifyUrl()[pri:1, instance:com.CRM.TestCase.HomePageTestCase@7161d8d1]" started-at="2024-07-16T09:27:15 IST" name="verifyUrl" finished-at="2024-07-16T09:27:15 IST" duration-ms="39" status="PASS">
          <reporter-output>
          </reporter-output>
        </test-method> <!-- verifyUrl -->
        <test-method signature="verifyTitle()[pri:2, instance:com.CRM.TestCase.HomePageTestCase@7161d8d1]" started-at="2024-07-16T09:27:15 IST" name="verifyTitle" finished-at="2024-07-16T09:27:15 IST" duration-ms="27" status="PASS">
          <reporter-output>
          </reporter-output>
        </test-method> <!-- verifyTitle -->
        <test-method signature="validateSignInLink()[pri:3, instance:com.CRM.TestCase.HomePageTestCase@7161d8d1]" started-at="2024-07-16T09:27:15 IST" name="validateSignInLink" finished-at="2024-07-16T09:27:16 IST" duration-ms="1299" status="PASS">
          <reporter-output>
          </reporter-output>
        </test-method> <!-- validateSignInLink -->
      </class> <!-- com.CRM.TestCase.HomePageTestCase -->
    </test> <!-- HomePageTest -->
    <test started-at="2024-07-16T09:27:16 IST" name="LoginPageTest" finished-at="2024-07-16T09:27:21 IST" duration-ms="4938">
      <class name="com.CRM.TestCase.LoginPageTestCase">
        <test-method is-config="true" signature="setup()[pri:0, instance:com.CRM.TestCase.LoginPageTestCase@7c37508a]" started-at="2024-07-16T09:27:16 IST" name="setup" finished-at="2024-07-16T09:27:19 IST" duration-ms="2694" status="PASS">
          <reporter-output>
          </reporter-output>
        </test-method> <!-- setup -->
        <test-method is-config="true" signature="pageSetup()[pri:0, instance:com.CRM.TestCase.LoginPageTestCase@7c37508a]" started-at="2024-07-16T09:27:19 IST" name="pageSetup" finished-at="2024-07-16T09:27:20 IST" duration-ms="1072" status="PASS">
          <reporter-output>
          </reporter-output>
        </test-method> <!-- pageSetup -->
        <test-method signature="validateLogin()[pri:0, instance:com.CRM.TestCase.LoginPageTestCase@7c37508a]" started-at="2024-07-16T09:27:20 IST" name="validateLogin" finished-at="2024-07-16T09:27:21 IST" duration-ms="1160" status="PASS">
          <reporter-output>
          </reporter-output>
        </test-method> <!-- validateLogin -->
      </class> <!-- com.CRM.TestCase.LoginPageTestCase -->
    </test> <!-- LoginPageTest -->
  </suite> <!-- Suite -->
</testng-results>
